<?xml version="1.0" encoding="UTF-8"?>
<!-- Generated by org.testng.reporters.JUnitXMLReporter -->
<testsuite hostname="hms-update4" name="ChromeTest" tests="38" failures="0" timestamp="14 Jun 2017 09:16:30 GMT" time="3.113" errors="0">
  <testcase name="@BeforeMethod Login" time="0.0" classname="com.hms.hotelogix.automationframework.tests.admin.PriceManager.SeasonsAttribute.SeasonsAttributeTest">
    <failure type="java.lang.NullPointerException">
      <![CDATA[java.lang.NullPointerException
	at com.hms.hotelogix.automationframework.pages.GenericMethod.GenericClass.getscreenshot(GenericClass.java:1022)
	at com.hms.hotelogix.automationframework.tests.admin.PriceManager.SeasonsAttribute.SeasonsAttributeTest.Login(SeasonsAttributeTest.java:65)
... Removed 26 stack frames]]>
    </failure>
  </testcase> <!-- @BeforeMethod Login -->
  <testcase name="@AfterMethod Close_Br" time="0.0" classname="com.hms.hotelogix.automationframework.tests.admin.PriceManager.SeasonsAttribute.SeasonsAttributeTest">
    <skipped/>
  </testcase> <!-- @AfterMethod Close_Br -->
  <testcase name="@BeforeMethod Login" time="0.0" classname="com.hms.hotelogix.automationframework.tests.admin.PriceManager.SeasonsAttribute.SeasonsAttributeTest">
    <skipped/>
  </testcase> <!-- @BeforeMethod Login -->
  <testcase name="@AfterMethod Close_Br" time="0.0" classname="com.hms.hotelogix.automationframework.tests.admin.PriceManager.SeasonsAttribute.SeasonsAttributeTest">
    <skipped/>
  </testcase> <!-- @AfterMethod Close_Br -->
  <testcase name="@BeforeMethod Login" time="0.0" classname="com.hms.hotelogix.automationframework.tests.admin.PriceManager.SeasonsAttribute.SeasonsAttributeTest">
    <skipped/>
  </testcase> <!-- @BeforeMethod Login -->
  <testcase name="@AfterMethod Close_Br" time="0.0" classname="com.hms.hotelogix.automationframework.tests.admin.PriceManager.SeasonsAttribute.SeasonsAttributeTest">
    <skipped/>
  </testcase> <!-- @AfterMethod Close_Br -->
  <testcase name="@BeforeMethod Login" time="0.0" classname="com.hms.hotelogix.automationframework.tests.admin.PriceManager.SeasonsAttribute.SeasonsAttributeTest">
    <skipped/>
  </testcase> <!-- @BeforeMethod Login -->
  <testcase name="@AfterMethod Close_Br" time="0.0" classname="com.hms.hotelogix.automationframework.tests.admin.PriceManager.SeasonsAttribute.SeasonsAttributeTest">
    <skipped/>
  </testcase> <!-- @AfterMethod Close_Br -->
  <testcase name="@BeforeMethod Login" time="0.0" classname="com.hms.hotelogix.automationframework.tests.admin.PriceManager.SeasonsAttribute.SeasonsAttributeTest">
    <skipped/>
  </testcase> <!-- @BeforeMethod Login -->
  <testcase name="@AfterMethod Close_Br" time="0.0" classname="com.hms.hotelogix.automationframework.tests.admin.PriceManager.SeasonsAttribute.SeasonsAttributeTest">
    <skipped/>
  </testcase> <!-- @AfterMethod Close_Br -->
  <testcase name="@BeforeMethod Login" time="0.0" classname="com.hms.hotelogix.automationframework.tests.admin.PriceManager.SeasonsAttribute.SeasonsAttributeTest">
    <skipped/>
  </testcase> <!-- @BeforeMethod Login -->
  <testcase name="@AfterMethod Close_Br" time="0.0" classname="com.hms.hotelogix.automationframework.tests.admin.PriceManager.SeasonsAttribute.SeasonsAttributeTest">
    <skipped/>
  </testcase> <!-- @AfterMethod Close_Br -->
  <testcase name="@BeforeMethod Login" time="0.0" classname="com.hms.hotelogix.automationframework.tests.admin.PriceManager.SeasonsAttribute.SeasonsAttributeTest">
    <skipped/>
  </testcase> <!-- @BeforeMethod Login -->
  <testcase name="@AfterMethod Close_Br" time="0.0" classname="com.hms.hotelogix.automationframework.tests.admin.PriceManager.SeasonsAttribute.SeasonsAttributeTest">
    <skipped/>
  </testcase> <!-- @AfterMethod Close_Br -->
  <testcase name="@BeforeMethod Login" time="0.0" classname="com.hms.hotelogix.automationframework.tests.admin.PriceManager.SeasonsAttribute.SeasonsAttributeTest">
    <skipped/>
  </testcase> <!-- @BeforeMethod Login -->
  <testcase name="@AfterMethod Close_Br" time="0.0" classname="com.hms.hotelogix.automationframework.tests.admin.PriceManager.SeasonsAttribute.SeasonsAttributeTest">
    <skipped/>
  </testcase> <!-- @AfterMethod Close_Br -->
  <testcase name="@BeforeMethod Login" time="0.0" classname="com.hms.hotelogix.automationframework.tests.admin.PriceManager.SeasonsAttribute.SeasonsAttributeTest">
    <skipped/>
  </testcase> <!-- @BeforeMethod Login -->
  <testcase name="@AfterMethod Close_Br" time="0.0" classname="com.hms.hotelogix.automationframework.tests.admin.PriceManager.SeasonsAttribute.SeasonsAttributeTest">
    <skipped/>
  </testcase> <!-- @AfterMethod Close_Br -->
  <testcase name="@BeforeMethod Login" time="0.0" classname="com.hms.hotelogix.automationframework.tests.admin.PriceManager.SeasonsAttribute.SeasonsAttributeTest">
    <skipped/>
  </testcase> <!-- @BeforeMethod Login -->
  <testcase name="@AfterMethod Close_Br" time="0.0" classname="com.hms.hotelogix.automationframework.tests.admin.PriceManager.SeasonsAttribute.SeasonsAttributeTest">
    <skipped/>
  </testcase> <!-- @AfterMethod Close_Br -->
  <testcase name="@BeforeMethod Login" time="0.0" classname="com.hms.hotelogix.automationframework.tests.admin.PriceManager.SeasonsAttribute.SeasonsAttributeTest">
    <skipped/>
  </testcase> <!-- @BeforeMethod Login -->
  <testcase name="@AfterMethod Close_Br" time="0.0" classname="com.hms.hotelogix.automationframework.tests.admin.PriceManager.SeasonsAttribute.SeasonsAttributeTest">
    <skipped/>
  </testcase> <!-- @AfterMethod Close_Br -->
  <testcase name="@BeforeMethod Login" time="0.0" classname="com.hms.hotelogix.automationframework.tests.admin.PriceManager.SeasonsAttribute.SeasonsAttributeTest">
    <skipped/>
  </testcase> <!-- @BeforeMethod Login -->
  <testcase name="@AfterMethod Close_Br" time="0.0" classname="com.hms.hotelogix.automationframework.tests.admin.PriceManager.SeasonsAttribute.SeasonsAttributeTest">
    <skipped/>
  </testcase> <!-- @AfterMethod Close_Br -->
  <testcase name="@BeforeMethod Login" time="0.0" classname="com.hms.hotelogix.automationframework.tests.admin.PriceManager.SeasonsAttribute.SeasonsAttributeTest">
    <skipped/>
  </testcase> <!-- @BeforeMethod Login -->
  <testcase name="@AfterMethod Close_Br" time="0.0" classname="com.hms.hotelogix.automationframework.tests.admin.PriceManager.SeasonsAttribute.SeasonsAttributeTest">
    <skipped/>
  </testcase> <!-- @AfterMethod Close_Br -->
  <testcase name="@BeforeMethod Login" time="0.0" classname="com.hms.hotelogix.automationframework.tests.admin.PriceManager.SeasonsAttribute.SeasonsAttributeTest">
    <skipped/>
  </testcase> <!-- @BeforeMethod Login -->
  <testcase name="@AfterMethod Close_Br" time="0.0" classname="com.hms.hotelogix.automationframework.tests.admin.PriceManager.SeasonsAttribute.SeasonsAttributeTest">
    <skipped/>
  </testcase> <!-- @AfterMethod Close_Br -->
  <testcase name="@BeforeMethod Login" time="0.0" classname="com.hms.hotelogix.automationframework.tests.admin.PriceManager.SeasonsAttribute.SeasonsAttributeTest">
    <skipped/>
  </testcase> <!-- @BeforeMethod Login -->
  <testcase name="@AfterMethod Close_Br" time="0.0" classname="com.hms.hotelogix.automationframework.tests.admin.PriceManager.SeasonsAttribute.SeasonsAttributeTest">
    <skipped/>
  </testcase> <!-- @AfterMethod Close_Br -->
  <testcase name="@BeforeMethod Login" time="0.0" classname="com.hms.hotelogix.automationframework.tests.admin.PriceManager.SeasonsAttribute.SeasonsAttributeTest">
    <skipped/>
  </testcase> <!-- @BeforeMethod Login -->
  <testcase name="@AfterMethod Close_Br" time="0.0" classname="com.hms.hotelogix.automationframework.tests.admin.PriceManager.SeasonsAttribute.SeasonsAttributeTest">
    <skipped/>
  </testcase> <!-- @AfterMethod Close_Br -->
  <testcase name="@BeforeMethod Login" time="0.0" classname="com.hms.hotelogix.automationframework.tests.admin.PriceManager.SeasonsAttribute.SeasonsAttributeTest">
    <skipped/>
  </testcase> <!-- @BeforeMethod Login -->
  <testcase name="@AfterMethod Close_Br" time="0.0" classname="com.hms.hotelogix.automationframework.tests.admin.PriceManager.SeasonsAttribute.SeasonsAttributeTest">
    <skipped/>
  </testcase> <!-- @AfterMethod Close_Br -->
  <testcase name="@BeforeMethod Login" time="0.0" classname="com.hms.hotelogix.automationframework.tests.admin.PriceManager.SeasonsAttribute.SeasonsAttributeTest">
    <skipped/>
  </testcase> <!-- @BeforeMethod Login -->
  <testcase name="@AfterMethod Close_Br" time="0.0" classname="com.hms.hotelogix.automationframework.tests.admin.PriceManager.SeasonsAttribute.SeasonsAttributeTest">
    <skipped/>
  </testcase> <!-- @AfterMethod Close_Br -->
  <testcase name="@BeforeMethod Login" time="0.0" classname="com.hms.hotelogix.automationframework.tests.admin.PriceManager.SeasonsAttribute.SeasonsAttributeTest">
    <skipped/>
  </testcase> <!-- @BeforeMethod Login -->
  <testcase name="@AfterMethod Close_Br" time="0.0" classname="com.hms.hotelogix.automationframework.tests.admin.PriceManager.SeasonsAttribute.SeasonsAttributeTest">
    <skipped/>
  </testcase> <!-- @AfterMethod Close_Br -->
  <testcase name="@BeforeMethod Login" time="0.0" classname="com.hms.hotelogix.automationframework.tests.admin.PriceManager.SeasonsAttribute.SeasonsAttributeTest">
    <skipped/>
  </testcase> <!-- @BeforeMethod Login -->
  <testcase name="@AfterMethod Close_Br" time="0.0" classname="com.hms.hotelogix.automationframework.tests.admin.PriceManager.SeasonsAttribute.SeasonsAttributeTest">
    <skipped/>
  </testcase> <!-- @AfterMethod Close_Br -->
  <testcase name="@BeforeMethod Login" time="0.0" classname="com.hms.hotelogix.automationframework.tests.admin.PriceManager.SeasonsAttribute.SeasonsAttributeTest">
    <skipped/>
  </testcase> <!-- @BeforeMethod Login -->
  <testcase name="@AfterMethod Close_Br" time="0.0" classname="com.hms.hotelogix.automationframework.tests.admin.PriceManager.SeasonsAttribute.SeasonsAttributeTest">
    <skipped/>
  </testcase> <!-- @AfterMethod Close_Br -->
  <testcase name="@BeforeMethod Login" time="0.0" classname="com.hms.hotelogix.automationframework.tests.admin.PriceManager.SeasonsAttribute.SeasonsAttributeTest">
    <skipped/>
  </testcase> <!-- @BeforeMethod Login -->
  <testcase name="@AfterMethod Close_Br" time="0.0" classname="com.hms.hotelogix.automationframework.tests.admin.PriceManager.SeasonsAttribute.SeasonsAttributeTest">
    <skipped/>
  </testcase> <!-- @AfterMethod Close_Br -->
  <testcase name="@BeforeMethod Login" time="0.0" classname="com.hms.hotelogix.automationframework.tests.admin.PriceManager.SeasonsAttribute.SeasonsAttributeTest">
    <skipped/>
  </testcase> <!-- @BeforeMethod Login -->
  <testcase name="@AfterMethod Close_Br" time="0.0" classname="com.hms.hotelogix.automationframework.tests.admin.PriceManager.SeasonsAttribute.SeasonsAttributeTest">
    <skipped/>
  </testcase> <!-- @AfterMethod Close_Br -->
  <testcase name="@BeforeMethod Login" time="0.0" classname="com.hms.hotelogix.automationframework.tests.admin.PriceManager.SeasonsAttribute.SeasonsAttributeTest">
    <skipped/>
  </testcase> <!-- @BeforeMethod Login -->
  <testcase name="@AfterMethod Close_Br" time="0.0" classname="com.hms.hotelogix.automationframework.tests.admin.PriceManager.SeasonsAttribute.SeasonsAttributeTest">
    <skipped/>
  </testcase> <!-- @AfterMethod Close_Br -->
  <testcase name="@BeforeMethod Login" time="0.0" classname="com.hms.hotelogix.automationframework.tests.admin.PriceManager.SeasonsAttribute.SeasonsAttributeTest">
    <skipped/>
  </testcase> <!-- @BeforeMethod Login -->
  <testcase name="@AfterMethod Close_Br" time="0.0" classname="com.hms.hotelogix.automationframework.tests.admin.PriceManager.SeasonsAttribute.SeasonsAttributeTest">
    <skipped/>
  </testcase> <!-- @AfterMethod Close_Br -->
  <testcase name="@BeforeMethod Login" time="0.0" classname="com.hms.hotelogix.automationframework.tests.admin.PriceManager.SeasonsAttribute.SeasonsAttributeTest">
    <skipped/>
  </testcase> <!-- @BeforeMethod Login -->
  <testcase name="@AfterMethod Close_Br" time="0.0" classname="com.hms.hotelogix.automationframework.tests.admin.PriceManager.SeasonsAttribute.SeasonsAttributeTest">
    <skipped/>
  </testcase> <!-- @AfterMethod Close_Br -->
  <testcase name="@BeforeMethod Login" time="0.0" classname="com.hms.hotelogix.automationframework.tests.admin.PriceManager.SeasonsAttribute.SeasonsAttributeTest">
    <skipped/>
  </testcase> <!-- @BeforeMethod Login -->
  <testcase name="@AfterMethod Close_Br" time="0.0" classname="com.hms.hotelogix.automationframework.tests.admin.PriceManager.SeasonsAttribute.SeasonsAttributeTest">
    <skipped/>
  </testcase> <!-- @AfterMethod Close_Br -->
  <testcase name="@BeforeMethod Login" time="0.0" classname="com.hms.hotelogix.automationframework.tests.admin.PriceManager.SeasonsAttribute.SeasonsAttributeTest">
    <skipped/>
  </testcase> <!-- @BeforeMethod Login -->
  <testcase name="@AfterMethod Close_Br" time="0.0" classname="com.hms.hotelogix.automationframework.tests.admin.PriceManager.SeasonsAttribute.SeasonsAttributeTest">
    <skipped/>
  </testcase> <!-- @AfterMethod Close_Br -->
  <testcase name="@BeforeMethod Login" time="0.0" classname="com.hms.hotelogix.automationframework.tests.admin.PriceManager.SeasonsAttribute.SeasonsAttributeTest">
    <skipped/>
  </testcase> <!-- @BeforeMethod Login -->
  <testcase name="@AfterMethod Close_Br" time="0.0" classname="com.hms.hotelogix.automationframework.tests.admin.PriceManager.SeasonsAttribute.SeasonsAttributeTest">
    <skipped/>
  </testcase> <!-- @AfterMethod Close_Br -->
  <testcase name="@BeforeMethod Login" time="0.0" classname="com.hms.hotelogix.automationframework.tests.admin.PriceManager.SeasonsAttribute.SeasonsAttributeTest">
    <skipped/>
  </testcase> <!-- @BeforeMethod Login -->
  <testcase name="@AfterMethod Close_Br" time="0.0" classname="com.hms.hotelogix.automationframework.tests.admin.PriceManager.SeasonsAttribute.SeasonsAttributeTest">
    <skipped/>
  </testcase> <!-- @AfterMethod Close_Br -->
  <testcase name="@BeforeMethod Login" time="0.0" classname="com.hms.hotelogix.automationframework.tests.admin.PriceManager.SeasonsAttribute.SeasonsAttributeTest">
    <skipped/>
  </testcase> <!-- @BeforeMethod Login -->
  <testcase name="@AfterMethod Close_Br" time="0.0" classname="com.hms.hotelogix.automationframework.tests.admin.PriceManager.SeasonsAttribute.SeasonsAttributeTest">
    <skipped/>
  </testcase> <!-- @AfterMethod Close_Br -->
  <testcase name="@BeforeMethod Login" time="0.0" classname="com.hms.hotelogix.automationframework.tests.admin.PriceManager.SeasonsAttribute.SeasonsAttributeTest">
    <skipped/>
  </testcase> <!-- @BeforeMethod Login -->
  <testcase name="@AfterMethod Close_Br" time="0.0" classname="com.hms.hotelogix.automationframework.tests.admin.PriceManager.SeasonsAttribute.SeasonsAttributeTest">
    <skipped/>
  </testcase> <!-- @AfterMethod Close_Br -->
  <testcase name="@BeforeMethod Login" time="0.0" classname="com.hms.hotelogix.automationframework.tests.admin.PriceManager.SeasonsAttribute.SeasonsAttributeTest">
    <skipped/>
  </testcase> <!-- @BeforeMethod Login -->
  <testcase name="@AfterMethod Close_Br" time="0.0" classname="com.hms.hotelogix.automationframework.tests.admin.PriceManager.SeasonsAttribute.SeasonsAttributeTest">
    <skipped/>
  </testcase> <!-- @AfterMethod Close_Br -->
  <testcase name="@BeforeMethod Login" time="0.0" classname="com.hms.hotelogix.automationframework.tests.admin.PriceManager.SeasonsAttribute.SeasonsAttributeTest">
    <skipped/>
  </testcase> <!-- @BeforeMethod Login -->
  <testcase name="@AfterMethod Close_Br" time="0.0" classname="com.hms.hotelogix.automationframework.tests.admin.PriceManager.SeasonsAttribute.SeasonsAttributeTest">
    <skipped/>
  </testcase> <!-- @AfterMethod Close_Br -->
  <testcase name="@BeforeMethod Login" time="0.0" classname="com.hms.hotelogix.automationframework.tests.admin.PriceManager.SeasonsAttribute.SeasonsAttributeTest">
    <skipped/>
  </testcase> <!-- @BeforeMethod Login -->
  <testcase name="@AfterMethod Close_Br" time="0.0" classname="com.hms.hotelogix.automationframework.tests.admin.PriceManager.SeasonsAttribute.SeasonsAttributeTest">
    <skipped/>
  </testcase> <!-- @AfterMethod Close_Br -->
  <testcase name="@BeforeMethod Login" time="0.0" classname="com.hms.hotelogix.automationframework.tests.admin.PriceManager.SeasonsAttribute.SeasonsAttributeTest">
    <skipped/>
  </testcase> <!-- @BeforeMethod Login -->
  <testcase name="@AfterMethod Close_Br" time="0.0" classname="com.hms.hotelogix.automationframework.tests.admin.PriceManager.SeasonsAttribute.SeasonsAttributeTest">
    <skipped/>
  </testcase> <!-- @AfterMethod Close_Br -->
  <testcase name="@BeforeMethod Login" time="0.0" classname="com.hms.hotelogix.automationframework.tests.admin.PriceManager.SeasonsAttribute.SeasonsAttributeTest">
    <skipped/>
  </testcase> <!-- @BeforeMethod Login -->
  <testcase name="@AfterMethod Close_Br" time="0.0" classname="com.hms.hotelogix.automationframework.tests.admin.PriceManager.SeasonsAttribute.SeasonsAttributeTest">
    <skipped/>
  </testcase> <!-- @AfterMethod Close_Br -->
  <testcase name="@BeforeMethod Login" time="0.0" classname="com.hms.hotelogix.automationframework.tests.admin.PriceManager.SeasonsAttribute.SeasonsAttributeTest">
    <skipped/>
  </testcase> <!-- @BeforeMethod Login -->
  <testcase name="@AfterMethod Close_Br" time="0.0" classname="com.hms.hotelogix.automationframework.tests.admin.PriceManager.SeasonsAttribute.SeasonsAttributeTest">
    <skipped/>
  </testcase> <!-- @AfterMethod Close_Br -->
  <testcase name="HMS2322" time="0.001" classname="com.hms.hotelogix.automationframework.tests.admin.PriceManager.SeasonsAttribute.SeasonsAttributeTest">
    <skipped/>
  </testcase> <!-- HMS2322 -->
  <testcase name="HMS2320_9244" time="0.001" classname="com.hms.hotelogix.automationframework.tests.admin.PriceManager.SeasonsAttribute.SeasonsAttributeTest">
    <skipped/>
  </testcase> <!-- HMS2320_9244 -->
  <testcase name="HMS6578" time="0.001" classname="com.hms.hotelogix.automationframework.tests.admin.PriceManager.SeasonsAttribute.SeasonsAttributeTest">
    <skipped/>
  </testcase> <!-- HMS6578 -->
  <testcase name="HMS6580" time="0.001" classname="com.hms.hotelogix.automationframework.tests.admin.PriceManager.SeasonsAttribute.SeasonsAttributeTest">
    <skipped/>
  </testcase> <!-- HMS6580 -->
  <testcase name="HMS2323_9246" time="0.001" classname="com.hms.hotelogix.automationframework.tests.admin.PriceManager.SeasonsAttribute.SeasonsAttributeTest">
    <skipped/>
  </testcase> <!-- HMS2323_9246 -->
  <testcase name="HMS2324" time="0.001" classname="com.hms.hotelogix.automationframework.tests.admin.PriceManager.SeasonsAttribute.SeasonsAttributeTest">
    <skipped/>
  </testcase> <!-- HMS2324 -->
  <testcase name="HMS2343" time="0.0" classname="com.hms.hotelogix.automationframework.tests.admin.PriceManager.SeasonsAttribute.SeasonsAttributeTest">
    <skipped/>
  </testcase> <!-- HMS2343 -->
  <testcase name="HMS2325" time="0.0" classname="com.hms.hotelogix.automationframework.tests.admin.PriceManager.SeasonsAttribute.SeasonsAttributeTest">
    <skipped/>
  </testcase> <!-- HMS2325 -->
  <testcase name="HMS2326" time="0.0" classname="com.hms.hotelogix.automationframework.tests.admin.PriceManager.SeasonsAttribute.SeasonsAttributeTest">
    <skipped/>
  </testcase> <!-- HMS2326 -->
  <testcase name="HMS6583" time="0.001" classname="com.hms.hotelogix.automationframework.tests.admin.PriceManager.SeasonsAttribute.SeasonsAttributeTest">
    <skipped/>
  </testcase> <!-- HMS6583 -->
  <testcase name="HMS2342" time="0.0" classname="com.hms.hotelogix.automationframework.tests.admin.PriceManager.SeasonsAttribute.SeasonsAttributeTest">
    <skipped/>
  </testcase> <!-- HMS2342 -->
  <testcase name="HMS6584" time="0.0" classname="com.hms.hotelogix.automationframework.tests.admin.PriceManager.SeasonsAttribute.SeasonsAttributeTest">
    <skipped/>
  </testcase> <!-- HMS6584 -->
  <testcase name="HMS2327" time="0.001" classname="com.hms.hotelogix.automationframework.tests.admin.PriceManager.SeasonsAttribute.SeasonsAttributeTest">
    <skipped/>
  </testcase> <!-- HMS2327 -->
  <testcase name="HMS2328" time="0.0" classname="com.hms.hotelogix.automationframework.tests.admin.PriceManager.SeasonsAttribute.SeasonsAttributeTest">
    <skipped/>
  </testcase> <!-- HMS2328 -->
  <testcase name="HMS2329" time="0.001" classname="com.hms.hotelogix.automationframework.tests.admin.PriceManager.SeasonsAttribute.SeasonsAttributeTest">
    <skipped/>
  </testcase> <!-- HMS2329 -->
  <testcase name="HMS6585" time="0.0" classname="com.hms.hotelogix.automationframework.tests.admin.PriceManager.SeasonsAttribute.SeasonsAttributeTest">
    <skipped/>
  </testcase> <!-- HMS6585 -->
  <testcase name="HMS2330" time="0.0" classname="com.hms.hotelogix.automationframework.tests.admin.PriceManager.SeasonsAttribute.SeasonsAttributeTest">
    <skipped/>
  </testcase> <!-- HMS2330 -->
  <testcase name="HMS6586" time="0.001" classname="com.hms.hotelogix.automationframework.tests.admin.PriceManager.SeasonsAttribute.SeasonsAttributeTest">
    <skipped/>
  </testcase> <!-- HMS6586 -->
  <testcase name="HMS6588" time="0.001" classname="com.hms.hotelogix.automationframework.tests.admin.PriceManager.SeasonsAttribute.SeasonsAttributeTest">
    <skipped/>
  </testcase> <!-- HMS6588 -->
  <testcase name="HMS2331" time="0.0" classname="com.hms.hotelogix.automationframework.tests.admin.PriceManager.SeasonsAttribute.SeasonsAttributeTest">
    <skipped/>
  </testcase> <!-- HMS2331 -->
  <testcase name="HMS6591" time="0.0" classname="com.hms.hotelogix.automationframework.tests.admin.PriceManager.SeasonsAttribute.SeasonsAttributeTest">
    <skipped/>
  </testcase> <!-- HMS6591 -->
  <testcase name="HMS6593" time="0.0" classname="com.hms.hotelogix.automationframework.tests.admin.PriceManager.SeasonsAttribute.SeasonsAttributeTest">
    <skipped/>
  </testcase> <!-- HMS6593 -->
  <testcase name="HMS6595" time="0.001" classname="com.hms.hotelogix.automationframework.tests.admin.PriceManager.SeasonsAttribute.SeasonsAttributeTest">
    <skipped/>
  </testcase> <!-- HMS6595 -->
  <testcase name="HMS2339" time="0.0" classname="com.hms.hotelogix.automationframework.tests.admin.PriceManager.SeasonsAttribute.SeasonsAttributeTest">
    <skipped/>
  </testcase> <!-- HMS2339 -->
  <testcase name="HMS2340" time="0.0" classname="com.hms.hotelogix.automationframework.tests.admin.PriceManager.SeasonsAttribute.SeasonsAttributeTest">
    <skipped/>
  </testcase> <!-- HMS2340 -->
  <testcase name="HMS2338" time="0.001" classname="com.hms.hotelogix.automationframework.tests.admin.PriceManager.SeasonsAttribute.SeasonsAttributeTest">
    <skipped/>
  </testcase> <!-- HMS2338 -->
  <testcase name="HMS2333" time="0.0" classname="com.hms.hotelogix.automationframework.tests.admin.PriceManager.SeasonsAttribute.SeasonsAttributeTest">
    <skipped/>
  </testcase> <!-- HMS2333 -->
  <testcase name="HMS6603" time="0.0" classname="com.hms.hotelogix.automationframework.tests.admin.PriceManager.SeasonsAttribute.SeasonsAttributeTest">
    <skipped/>
  </testcase> <!-- HMS6603 -->
  <testcase name="HMS6608" time="0.0" classname="com.hms.hotelogix.automationframework.tests.admin.PriceManager.SeasonsAttribute.SeasonsAttributeTest">
    <skipped/>
  </testcase> <!-- HMS6608 -->
  <testcase name="HMS2334" time="0.0" classname="com.hms.hotelogix.automationframework.tests.admin.PriceManager.SeasonsAttribute.SeasonsAttributeTest">
    <skipped/>
  </testcase> <!-- HMS2334 -->
  <testcase name="HMS7882" time="0.0" classname="com.hms.hotelogix.automationframework.tests.admin.PriceManager.SeasonsAttribute.SeasonsAttributeTest">
    <skipped/>
  </testcase> <!-- HMS7882 -->
  <testcase name="HMS7883" time="0.0" classname="com.hms.hotelogix.automationframework.tests.admin.PriceManager.SeasonsAttribute.SeasonsAttributeTest">
    <skipped/>
  </testcase> <!-- HMS7883 -->
  <testcase name="HMS7884" time="0.001" classname="com.hms.hotelogix.automationframework.tests.admin.PriceManager.SeasonsAttribute.SeasonsAttributeTest">
    <skipped/>
  </testcase> <!-- HMS7884 -->
  <testcase name="HMS9249" time="0.001" classname="com.hms.hotelogix.automationframework.tests.admin.PriceManager.SeasonsAttribute.SeasonsAttributeTest">
    <skipped/>
  </testcase> <!-- HMS9249 -->
  <testcase name="HMS2336" time="0.002" classname="com.hms.hotelogix.automationframework.tests.admin.PriceManager.SeasonsAttribute.SeasonsAttributeTest">
    <skipped/>
  </testcase> <!-- HMS2336 -->
  <testcase name="HMS2341" time="0.0" classname="com.hms.hotelogix.automationframework.tests.admin.PriceManager.SeasonsAttribute.SeasonsAttributeTest">
    <skipped/>
  </testcase> <!-- HMS2341 -->
  <testcase name="HMS7874" time="0.0" classname="com.hms.hotelogix.automationframework.tests.admin.PriceManager.SeasonsAttribute.SeasonsAttributeTest">
    <skipped/>
  </testcase> <!-- HMS7874 -->
  <testcase name="HMS2332" time="0.0" classname="com.hms.hotelogix.automationframework.tests.admin.PriceManager.SeasonsAttribute.SeasonsAttributeTest">
    <skipped/>
  </testcase> <!-- HMS2332 -->
</testsuite> <!-- ChromeTest -->
